<?xml version="1.0" encoding="UTF-8"?>
<!-- Generated by org.testng.reporters.JUnitReportReporter -->
<testsuite hostname="DESKTOP-32DR39L" failures="0" tests="2" name="testNGAnnotations_Flags.TestNG_Annotations" time="0.073" errors="0" timestamp="2023-09-24T20:12:36 IST" skipped="0">
  <testcase classname="testNGAnnotations_Flags.TestNG_Annotations" name="method_test_annotation2" time="0.025">
    <system-out>
      <![CDATA[TestAnnotation2]]>
    </system-out>
  </testcase> <!-- method_test_annotation2 -->
  <testcase classname="testNGAnnotations_Flags.TestNG_Annotations" name="method_test_annotation1" time="0.048">
    <system-out>
      <![CDATA[TestAnnotation1]]>
    </system-out>
  </testcase> <!-- method_test_annotation1 -->
  <system-out>
    <![CDATA[BeforSuiteAnnotation
BeforeTestAnnotation
BeforeClassAnnotation
BeforeMethodAnnotation
TestAnnotation1
AfterMethodAnnotation
BeforeMethodAnnotation
TestAnnotation2
AfterMethodAnnotation
AfterClassAnnotation
AfterTestAnnotation
AfterSuiteAnnotation]]>
  </system-out>
</testsuite> <!-- testNGAnnotations_Flags.TestNG_Annotations -->
