<?xml version="1.0" encoding="UTF-8"?>
<!-- Generated by org.testng.reporters.JUnitReportReporter -->
<testsuite hostname="DESKTOP-32DR39L" failures="0" tests="1" name="testNGExecution.SearchJava" time="108.643" errors="0" timestamp="2023-09-22T10:04:11 IST" skipped="0">
  <testcase classname="testNGExecution.SearchJava" name="java_search_in_chrome" time="108.643">
    <system-out>
      <![CDATA[java]]>
    </system-out>
  </testcase> <!-- java_search_in_chrome -->
  <system-out>
    <![CDATA[java
selenium]]>
  </system-out>
</testsuite> <!-- testNGExecution.SearchJava -->
