<?xml version="1.0" encoding="UTF-8"?>
<!-- Generated by org.testng.reporters.JUnitReportReporter -->
<testsuite hostname="DESKTOP-32DR39L" failures="0" tests="2" name="TestNGPackage.Remo" time="0.026" errors="0" timestamp="2023-09-21T17:18:08 IST" skipped="0">
  <testcase classname="TestNGPackage.Remo" name="method4" time="0.006">
    <system-out>
      <![CDATA[REMO CLASS : Method4]]>
    </system-out>
  </testcase> <!-- method4 -->
  <testcase classname="TestNGPackage.Remo" name="mehod3" time="0.020">
    <system-out>
      <![CDATA[REMO CLASS : Method3]]>
    </system-out>
  </testcase> <!-- mehod3 -->
  <system-out>
    <![CDATA[DEMO CLASS : Method1
DEMO CLASS : Method2
REMO CLASS : Method3
REMO CLASS : Method4
SUMO CLASS : Method5
SUMO CLASS : Method6]]>
  </system-out>
</testsuite> <!-- TestNGPackage.Remo -->
