<?xml version="1.0" encoding="UTF-8"?>
<!-- Generated by org.testng.reporters.JUnitReportReporter -->
<testsuite hostname="DESKTOP-32DR39L" failures="0" tests="2" name="TestNGPackage.Sumo" time="0.040" errors="0" timestamp="2023-09-21T17:18:08 IST" skipped="0">
  <testcase classname="TestNGPackage.Sumo" name="method6" time="0.033">
    <system-out>
      <![CDATA[SUMO CLASS : Method6]]>
    </system-out>
  </testcase> <!-- method6 -->
  <testcase classname="TestNGPackage.Sumo" name="method5" time="0.007">
    <system-out>
      <![CDATA[SUMO CLASS : Method5]]>
    </system-out>
  </testcase> <!-- method5 -->
  <system-out>
    <![CDATA[DEMO CLASS : Method1
DEMO CLASS : Method2
REMO CLASS : Method3
REMO CLASS : Method4
SUMO CLASS : Method5
SUMO CLASS : Method6]]>
  </system-out>
</testsuite> <!-- TestNGPackage.Sumo -->
