<?xml version="1.0" encoding="UTF-8"?>
<!-- Generated by org.testng.reporters.JUnitReportReporter -->
<testsuite hostname="DESKTOP-32DR39L" failures="0" tests="2" name="TestNGPackage.Demo" time="0.230" errors="0" timestamp="2023-09-21T17:18:08 IST" skipped="0">
  <testcase classname="TestNGPackage.Demo" name="method2" time="0.008">
    <system-out>
      <![CDATA[DEMO CLASS : Method2]]>
    </system-out>
  </testcase> <!-- method2 -->
  <testcase classname="TestNGPackage.Demo" name="method1" time="0.222">
    <system-out>
      <![CDATA[DEMO CLASS : Method1]]>
    </system-out>
  </testcase> <!-- method1 -->
  <system-out>
    <![CDATA[DEMO CLASS : Method1
DEMO CLASS : Method2
REMO CLASS : Method3
REMO CLASS : Method4
SUMO CLASS : Method5
SUMO CLASS : Method6]]>
  </system-out>
</testsuite> <!-- TestNGPackage.Demo -->
